
*** Running vivado
    with args -log FunctionF.vds -m64 -product Vivado -mode batch -messageDb vivado.pb -notrace -source FunctionF.tcl



****** Vivado v2024.1 (64-bit)
  **** SW Build 5076996 on Wed May 22 18:37:14 MDT 2024
  **** IP Build 5075265 on Wed May 22 21:45:21 MDT 2024
  **** SharedData Build 5076995 on Wed May 22 18:29:18 MDT 2024
  **** Start of session at: Tue Nov 19 15:28:52 2024
    ** Copyright 1986-2022 Xilinx, Inc. All Rights Reserved.
    ** Copyright 2022-2024 Advanced Micro Devices, Inc. All Rights Reserved.

source FunctionF.tcl -notrace
create_project: Time (s): cpu = 00:00:05 ; elapsed = 00:00:07 . Memory (MB): peak = 514.156 ; gain = 199.996
Command: synth_design -top FunctionF -part xc7a35tcpg236-1
Starting synth_design
Attempting to get a license for feature 'Synthesis' and/or device 'xc7a35t'
INFO: [Common 17-349] Got license for feature 'Synthesis' and/or device 'xc7a35t'
INFO: [Device 21-403] Loading part xc7a35tcpg236-1
INFO: [Device 21-9227] Part: xc7a35tcpg236-1 does not have CEAM library.
INFO: [Synth 8-7079] Multithreading enabled for synth_design using a maximum of 2 processes.
INFO: [Synth 8-7078] Launching helper process for spawning children vivado processes
INFO: [Synth 8-7075] Helper process launched with PID 3372
---------------------------------------------------------------------------------
Starting RTL Elaboration : Time (s): cpu = 00:00:04 ; elapsed = 00:00:06 . Memory (MB): peak = 1363.547 ; gain = 446.871
---------------------------------------------------------------------------------
INFO: [Synth 8-6157] synthesizing module 'FunctionF' [C:/Users/LHeysemK/Desktop/CS223/Labs/Lab 3/Lab3-5/Lab3-5.srcs/sources_1/imports/new/FunctionF.v:23]
INFO: [Synth 8-6157] synthesizing module 'TwoToFourDecoderBehavioral' [C:/Users/LHeysemK/Desktop/CS223/Labs/Lab 3/Lab3-5/Lab3-5.srcs/sources_1/imports/new/TwoToFourDecoderBehavioral.v:23]
INFO: [Synth 8-6155] done synthesizing module 'TwoToFourDecoderBehavioral' (0#1) [C:/Users/LHeysemK/Desktop/CS223/Labs/Lab 3/Lab3-5/Lab3-5.srcs/sources_1/imports/new/TwoToFourDecoderBehavioral.v:23]
INFO: [Synth 8-6157] synthesizing module 'EightToOneMux' [C:/Users/LHeysemK/Desktop/CS223/Labs/Lab 3/Lab3-5/Lab3-5.srcs/sources_1/imports/new/EightToOneMux.v:23]
INFO: [Synth 8-6157] synthesizing module 'FourToOneMux' [C:/Users/LHeysemK/Desktop/CS223/Labs/Lab 3/Lab3-5/Lab3-5.srcs/sources_1/imports/new/FourToOneMux.v:23]
INFO: [Synth 8-6157] synthesizing module 'TwoToOneMux' [C:/Users/LHeysemK/Desktop/CS223/Labs/Lab 3/Lab3-5/Lab3-5.srcs/sources_1/imports/new/TwoToOneMux.v:23]
INFO: [Synth 8-6155] done synthesizing module 'TwoToOneMux' (0#1) [C:/Users/LHeysemK/Desktop/CS223/Labs/Lab 3/Lab3-5/Lab3-5.srcs/sources_1/imports/new/TwoToOneMux.v:23]
INFO: [Synth 8-6155] done synthesizing module 'FourToOneMux' (0#1) [C:/Users/LHeysemK/Desktop/CS223/Labs/Lab 3/Lab3-5/Lab3-5.srcs/sources_1/imports/new/FourToOneMux.v:23]
INFO: [Synth 8-6155] done synthesizing module 'EightToOneMux' (0#1) [C:/Users/LHeysemK/Desktop/CS223/Labs/Lab 3/Lab3-5/Lab3-5.srcs/sources_1/imports/new/EightToOneMux.v:23]
INFO: [Synth 8-6155] done synthesizing module 'FunctionF' (0#1) [C:/Users/LHeysemK/Desktop/CS223/Labs/Lab 3/Lab3-5/Lab3-5.srcs/sources_1/imports/new/FunctionF.v:23]
---------------------------------------------------------------------------------
Finished RTL Elaboration : Time (s): cpu = 00:00:06 ; elapsed = 00:00:08 . Memory (MB): peak = 1472.441 ; gain = 555.766
---------------------------------------------------------------------------------
---------------------------------------------------------------------------------
Start Handling Custom Attributes
---------------------------------------------------------------------------------
---------------------------------------------------------------------------------
Finished Handling Custom Attributes : Time (s): cpu = 00:00:06 ; elapsed = 00:00:08 . Memory (MB): peak = 1472.441 ; gain = 555.766
---------------------------------------------------------------------------------
---------------------------------------------------------------------------------
Finished RTL Optimization Phase 1 : Time (s): cpu = 00:00:06 ; elapsed = 00:00:08 . Memory (MB): peak = 1472.441 ; gain = 555.766
---------------------------------------------------------------------------------
Netlist sorting complete. Time (s): cpu = 00:00:00 ; elapsed = 00:00:00.001 . Memory (MB): peak = 1472.441 ; gain = 0.000
INFO: [Project 1-570] Preparing netlist for logic optimization

Processing XDC Constraints
Initializing timing engine
Parsing XDC File [C:/Users/LHeysemK/Desktop/CS223/Labs/Lab 3/Lab3-5/Lab3-5.srcs/constrs_1/imports/CS223/Basys3.xdc]
Finished Parsing XDC File [C:/Users/LHeysemK/Desktop/CS223/Labs/Lab 3/Lab3-5/Lab3-5.srcs/constrs_1/imports/CS223/Basys3.xdc]
INFO: [Project 1-236] Implementation specific constraints were found while reading constraint file [C:/Users/LHeysemK/Desktop/CS223/Labs/Lab 3/Lab3-5/Lab3-5.srcs/constrs_1/imports/CS223/Basys3.xdc]. These constraints will be ignored for synthesis but will be used in implementation. Impacted constraints are listed in the file [.Xil/FunctionF_propImpl.xdc].
Resolution: To avoid this warning, move constraints listed in [.Xil/FunctionF_propImpl.xdc] to another XDC file and exclude this new file from synthesis with the used_in_synthesis property (File Properties dialog in GUI) and re-run elaboration/synthesis.
Completed Processing XDC Constraints

Netlist sorting complete. Time (s): cpu = 00:00:00 ; elapsed = 00:00:00 . Memory (MB): peak = 1479.023 ; gain = 0.000
INFO: [Project 1-111] Unisim Transformation Summary:
No Unisim elements were transformed.

Constraint Validation Runtime : Time (s): cpu = 00:00:00 ; elapsed = 00:00:00.003 . Memory (MB): peak = 1479.023 ; gain = 0.000
---------------------------------------------------------------------------------
Finished Constraint Validation : Time (s): cpu = 00:00:12 ; elapsed = 00:00:17 . Memory (MB): peak = 1479.023 ; gain = 562.348
---------------------------------------------------------------------------------
---------------------------------------------------------------------------------
Start Loading Part and Timing Information
---------------------------------------------------------------------------------
Loading part: xc7a35tcpg236-1
---------------------------------------------------------------------------------
Finished Loading Part and Timing Information : Time (s): cpu = 00:00:12 ; elapsed = 00:00:17 . Memory (MB): peak = 1479.023 ; gain = 562.348
---------------------------------------------------------------------------------
---------------------------------------------------------------------------------
Start Applying 'set_property' XDC Constraints
---------------------------------------------------------------------------------
---------------------------------------------------------------------------------
Finished applying 'set_property' XDC Constraints : Time (s): cpu = 00:00:12 ; elapsed = 00:00:17 . Memory (MB): peak = 1479.023 ; gain = 562.348
---------------------------------------------------------------------------------
---------------------------------------------------------------------------------
Finished RTL Optimization Phase 2 : Time (s): cpu = 00:00:12 ; elapsed = 00:00:17 . Memory (MB): peak = 1479.023 ; gain = 562.348
---------------------------------------------------------------------------------
---------------------------------------------------------------------------------
Start RTL Component Statistics 
---------------------------------------------------------------------------------
Detailed RTL Component Info : 
+---Muxes : 
	   2 Input    4 Bit        Muxes := 1     
	   4 Input    4 Bit        Muxes := 1     
	   2 Input    1 Bit        Muxes := 6     
---------------------------------------------------------------------------------
Finished RTL Component Statistics 
---------------------------------------------------------------------------------
---------------------------------------------------------------------------------
Start Part Resource Summary
---------------------------------------------------------------------------------
Part Resources:
DSPs: 90 (col length:60)
BRAMs: 100 (col length: RAMB18 60 RAMB36 30)
---------------------------------------------------------------------------------
Finished Part Resource Summary
---------------------------------------------------------------------------------
---------------------------------------------------------------------------------
Start Cross Boundary and Area Optimization
---------------------------------------------------------------------------------
WARNING: [Synth 8-7080] Parallel synthesis criteria is not met
---------------------------------------------------------------------------------
Finished Cross Boundary and Area Optimization : Time (s): cpu = 00:00:14 ; elapsed = 00:00:20 . Memory (MB): peak = 1479.023 ; gain = 562.348
---------------------------------------------------------------------------------
---------------------------------------------------------------------------------
Start Applying XDC Timing Constraints
---------------------------------------------------------------------------------
---------------------------------------------------------------------------------
Finished Applying XDC Timing Constraints : Time (s): cpu = 00:00:18 ; elapsed = 00:00:26 . Memory (MB): peak = 1479.023 ; gain = 562.348
---------------------------------------------------------------------------------
---------------------------------------------------------------------------------
Start Timing Optimization
---------------------------------------------------------------------------------
---------------------------------------------------------------------------------
Finished Timing Optimization : Time (s): cpu = 00:00:18 ; elapsed = 00:00:26 . Memory (MB): peak = 1479.023 ; gain = 562.348
---------------------------------------------------------------------------------
---------------------------------------------------------------------------------
Start Technology Mapping
---------------------------------------------------------------------------------
---------------------------------------------------------------------------------
Finished Technology Mapping : Time (s): cpu = 00:00:19 ; elapsed = 00:00:26 . Memory (MB): peak = 1479.023 ; gain = 562.348
---------------------------------------------------------------------------------
---------------------------------------------------------------------------------
Start IO Insertion
---------------------------------------------------------------------------------
---------------------------------------------------------------------------------
Start Flattening Before IO Insertion
---------------------------------------------------------------------------------
---------------------------------------------------------------------------------
Finished Flattening Before IO Insertion
---------------------------------------------------------------------------------
---------------------------------------------------------------------------------
Start Final Netlist Cleanup
---------------------------------------------------------------------------------
---------------------------------------------------------------------------------
Finished Final Netlist Cleanup
---------------------------------------------------------------------------------
---------------------------------------------------------------------------------
Finished IO Insertion : Time (s): cpu = 00:00:24 ; elapsed = 00:00:32 . Memory (MB): peak = 1479.023 ; gain = 562.348
---------------------------------------------------------------------------------
---------------------------------------------------------------------------------
Start Renaming Generated Instances
---------------------------------------------------------------------------------
---------------------------------------------------------------------------------
Finished Renaming Generated Instances : Time (s): cpu = 00:00:24 ; elapsed = 00:00:32 . Memory (MB): peak = 1479.023 ; gain = 562.348
---------------------------------------------------------------------------------
---------------------------------------------------------------------------------
Start Rebuilding User Hierarchy
---------------------------------------------------------------------------------
---------------------------------------------------------------------------------
Finished Rebuilding User Hierarchy : Time (s): cpu = 00:00:24 ; elapsed = 00:00:32 . Memory (MB): peak = 1479.023 ; gain = 562.348
---------------------------------------------------------------------------------
---------------------------------------------------------------------------------
Start Renaming Generated Ports
---------------------------------------------------------------------------------
---------------------------------------------------------------------------------
Finished Renaming Generated Ports : Time (s): cpu = 00:00:24 ; elapsed = 00:00:32 . Memory (MB): peak = 1479.023 ; gain = 562.348
---------------------------------------------------------------------------------
---------------------------------------------------------------------------------
Start Handling Custom Attributes
---------------------------------------------------------------------------------
---------------------------------------------------------------------------------
Finished Handling Custom Attributes : Time (s): cpu = 00:00:24 ; elapsed = 00:00:32 . Memory (MB): peak = 1479.023 ; gain = 562.348
---------------------------------------------------------------------------------
---------------------------------------------------------------------------------
Start Renaming Generated Nets
---------------------------------------------------------------------------------
---------------------------------------------------------------------------------
Finished Renaming Generated Nets : Time (s): cpu = 00:00:24 ; elapsed = 00:00:32 . Memory (MB): peak = 1479.023 ; gain = 562.348
---------------------------------------------------------------------------------
---------------------------------------------------------------------------------
Start Writing Synthesis Report
---------------------------------------------------------------------------------

Report BlackBoxes: 
+-+--------------+----------+
| |BlackBox name |Instances |
+-+--------------+----------+
+-+--------------+----------+

Report Cell Usage: 
+------+-----+------+
|      |Cell |Count |
+------+-----+------+
|1     |LUT5 |     1|
|2     |IBUF |     5|
|3     |OBUF |     1|
+------+-----+------+
---------------------------------------------------------------------------------
Finished Writing Synthesis Report : Time (s): cpu = 00:00:24 ; elapsed = 00:00:32 . Memory (MB): peak = 1479.023 ; gain = 562.348
---------------------------------------------------------------------------------
Synthesis finished with 0 errors, 0 critical warnings and 1 warnings.
Synthesis Optimization Runtime : Time (s): cpu = 00:00:16 ; elapsed = 00:00:30 . Memory (MB): peak = 1479.023 ; gain = 555.766
Synthesis Optimization Complete : Time (s): cpu = 00:00:24 ; elapsed = 00:00:33 . Memory (MB): peak = 1479.023 ; gain = 562.348
INFO: [Project 1-571] Translating synthesized netlist
Netlist sorting complete. Time (s): cpu = 00:00:00 ; elapsed = 00:00:00 . Memory (MB): peak = 1479.023 ; gain = 0.000
INFO: [Project 1-570] Preparing netlist for logic optimization
INFO: [Opt 31-138] Pushed 0 inverter(s) to 0 load pin(s).
Netlist sorting complete. Time (s): cpu = 00:00:00 ; elapsed = 00:00:00 . Memory (MB): peak = 1479.023 ; gain = 0.000
INFO: [Project 1-111] Unisim Transformation Summary:
No Unisim elements were transformed.

Synth Design complete | Checksum: c33fda02
INFO: [Common 17-83] Releasing license: Synthesis
24 Infos, 1 Warnings, 0 Critical Warnings and 0 Errors encountered.
synth_design completed successfully
synth_design: Time (s): cpu = 00:00:27 ; elapsed = 00:00:39 . Memory (MB): peak = 1479.023 ; gain = 964.867
Write ShapeDB Complete: Time (s): cpu = 00:00:00 ; elapsed = 00:00:00.001 . Memory (MB): peak = 1479.023 ; gain = 0.000
INFO: [Common 17-1381] The checkpoint 'C:/Users/LHeysemK/Desktop/CS223/Labs/Lab 3/Lab3-5/Lab3-5.runs/synth_1/FunctionF.dcp' has been generated.
INFO: [Vivado 12-24828] Executing command : report_utilization -file FunctionF_utilization_synth.rpt -pb FunctionF_utilization_synth.pb
INFO: [Common 17-206] Exiting Vivado at Tue Nov 19 15:29:41 2024...
